#
# A fatal error has been detected by the Java Runtime Environment:
#
#  SIGSEGV (0xb) at pc=0x000000010321dd7c, pid=3974, tid=22019
#
# JRE version: OpenJDK Runtime Environment (11.0.8+10) (build 11.0.8+10-b944.6916264)
# Java VM: OpenJDK 64-Bit Server VM (11.0.8+10-b944.6916264, mixed mode, tiered, compressed oops, g1 gc, bsd-amd64)
# Problematic frame:
# V  [libjvm.dylib+0x51fd7c]  PhaseIdealLoop::build_loop_late(VectorSet&, Node_List&, Node_Stack&)+0x10c
#
# No core dump will be written. Core dumps have been disabled. To enable core dumping, try "ulimit -c unlimited" before starting Java again
#
# If you would like to submit a bug report, please visit:
#   https://bugreport.java.com/bugreport/crash.jsp
#

---------------  S U M M A R Y ------------

Command Line: --add-opens=java.base/java.util=ALL-UNNAMED --add-opens=java.base/java.lang=ALL-UNNAMED --add-opens=java.base/java.lang.invoke=ALL-UNNAMED --add-opens=java.prefs/java.util.prefs=ALL-UNNAMED -Xmx2048m -Dfile.encoding=UTF-8 -Duser.country=ID -Duser.language=en -Duser.variant org.gradle.launcher.daemon.bootstrap.GradleDaemon 6.7.1

Host: MacBookPro5,5 x86_64 2260 MHz, 2 cores, 8G, Darwin 18.7.0
Time: Fri Jul  9 23:13:59 2021 WIB elapsed time: 18 seconds (0d 0h 0m 18s)

---------------  T H R E A D  ---------------

Current thread (0x00007fa351038800):  JavaThread "C2 CompilerThread0" daemon [_thread_in_native, id=22019, stack(0x000070000bd3f000,0x000070000be3f000)]


Current CompileTask:
C2:  18657 2297       4       java.net.URLClassLoader$1::run (5 bytes)

Stack: [0x000070000bd3f000,0x000070000be3f000],  sp=0x000070000be3b960,  free space=1010k
Native frames: (J=compiled Java code, A=aot compiled Java code, j=interpreted, Vv=VM code, C=native code)
V  [libjvm.dylib+0x51fd7c]  PhaseIdealLoop::build_loop_late(VectorSet&, Node_List&, Node_Stack&)+0x10c
V  [libjvm.dylib+0x51f08f]  PhaseIdealLoop::build_and_optimize(LoopOptsMode)+0x607
V  [libjvm.dylib+0x21dbe4]  Compile::Optimize()+0x584
V  [libjvm.dylib+0x21c9bf]  Compile::Compile(ciEnv*, C2Compiler*, ciMethod*, int, bool, bool, bool, DirectiveSet*)+0x853
V  [libjvm.dylib+0x19dfa0]  C2Compiler::compile_method(ciEnv*, ciMethod*, int, DirectiveSet*)+0xb6
V  [libjvm.dylib+0x229397]  CompileBroker::invoke_compiler_on_method(CompileTask*)+0x577
V  [libjvm.dylib+0x228cab]  CompileBroker::compiler_thread_loop()+0x1ab
V  [libjvm.dylib+0x6ec558]  JavaThread::thread_main_inner()+0x82
V  [libjvm.dylib+0x6ec3a2]  JavaThread::run()+0x174
V  [libjvm.dylib+0x6ea27e]  Thread::call_run()+0x68
V  [libjvm.dylib+0x5f20ab]  thread_native_entry(Thread*)+0x139
C  [libsystem_pthread.dylib+0x32eb]  _pthread_body+0x7e
C  [libsystem_pthread.dylib+0x6249]  _pthread_start+0x42
C  [libsystem_pthread.dylib+0x240d]  thread_start+0xd


siginfo: si_signo: 11 (SIGSEGV), si_code: 1 (SEGV_MAPERR), si_addr: 0x0000001500001391

Register to memory mapping:

RAX=0x00007fa352ed4d50 points into unknown readable memory: 69 13 00 00 15 00 00 00
RBX=0x000070000be3bcc0 is pointing into the stack for thread: 0x00007fa351038800
RCX=0x00007fa352ed4c78 points into unknown readable memory: f0 db 5b 03 01 00 00 00
RDX=0x0000000000000100 is an unknown value
RSP=0x000070000be3b960 is pointing into the stack for thread: 0x00007fa351038800
RBP=0x000070000be3b9c0 is pointing into the stack for thread: 0x00007fa351038800
RSI=0x0000000000001655 is an unknown value
RDI=0x0000000000200100 is an unknown value
R8 =0x00007fa352d71ac8 points into unknown readable memory: 30 41 5c 03 01 00 00 00
R9 =0x0 is NULL
R10=0x000000010360e0e8: _ZL8tc_mutex+0x18 in /Applications/Android Studio.app/Contents/jre/jdk/Contents/Home/lib/server/libjvm.dylib at 0x0000000102cfe000
R11=0x00007fa3511e0290 points into unknown readable memory: 50 86 7d 52 a3 7f 00 00
R12=0x000070000be3bd80 is pointing into the stack for thread: 0x00007fa351038800
R13=0x0000001500001369 is an unknown value
R14=0x0 is NULL
R15=0x000070000be3bce0 is pointing into the stack for thread: 0x00007fa351038800


Registers:
RAX=0x00007fa352ed4d50, RBX=0x000070000be3bcc0, RCX=0x00007fa352ed4c78, RDX=0x0000000000000100
RSP=0x000070000be3b960, RBP=0x000070000be3b9c0, RSI=0x0000000000001655, RDI=0x0000000000200100
R8 =0x00007fa352d71ac8, R9 =0x0000000000000000, R10=0x000000010360e0e8, R11=0x00007fa3511e0290
R12=0x000070000be3bd80, R13=0x0000001500001369, R14=0x0000000000000000, R15=0x000070000be3bce0
RIP=0x000000010321dd7c, EFLAGS=0x0000000000010297, ERR=0x0000000000000004
  TRAPNO=0x000000000000000e

Top of Stack: (sp=0x000070000be3b960)
0x000070000be3b960:   0000000000004000 000070000be3c738
0x000070000be3b970:   000070000be3bce0 000070000be3bd00
0x000070000be3b980:   000070000be3bcc0 00007fa352ed4cc0
0x000070000be3b990:   000000010be3b9c0 0000000000000001
0x000070000be3b9a0:   00007fa3531643a8 00007fa350d18e10
0x000070000be3b9b0:   0000000000000004 000070000be3bd80
0x000070000be3b9c0:   000070000be3bd70 000000010321d08f
0x000070000be3b9d0:   00007fa350d18e10 00007fff00000004
0x000070000be3b9e0:   00007fa351e42c10 0000000000000000
0x000070000be3b9f0:   00007fffa5bc060c 0000000000000000
0x000070000be3ba00:   0000000000000040 0000000000021000
0x000070000be3ba10:   000070000be3baa0 00007fff6f750c4e
0x000070000be3ba20:   0000000000000000 0000000000000000
0x000070000be3ba30:   0000000000000003 0000000000000007
0x000070000be3ba40:   0000000000000001 0000000000000000
0x000070000be3ba50:   000070000be3ba70 000000011e611000
0x000070000be3ba60:   00007fa350d18e10 00000001033f04cb
0x000070000be3ba70:   000070000be3bad0 0000000000021000
0x000070000be3ba80:   00007fffa5bc0638 00000001026fd000
0x000070000be3ba90:   000070000be3e248 0000000000000021
0x000070000be3baa0:   000070000be3bad0 0000000103400137
0x000070000be3bab0:   000070000be3e248 000000005176d0a0
0x000070000be3bac0:   000070000be3baf0 0000000100000000
0x000070000be3bad0:   0000000000000000 0000000000000000
0x000070000be3bae0:   00007fa352679db0 000070000be3bbe0
0x000070000be3baf0:   0000000000020010 000070000be3bbe0
0x000070000be3bb00:   0000000000000000 00000001026fd000
0x000070000be3bb10:   000070000be3bb40 00007fff6f7512b8
0x000070000be3bb20:   000070000be3bbe0 0000000000000000
0x000070000be3bb30:   00007fffa5bc3000 0000000000020010
0x000070000be3bb40:   000070000be3bb70 00007fff6f74fc99
0x000070000be3bb50:   0000000000020010 000070000be3bbe0 

Instructions: (pc=0x000000010321dd7c)
0x000000010321dc7c:   53 48 83 ec 38 8b 42 18 85 c0 0f 84 1d 02 00 00
0x000000010321dc8c:   48 89 cb 49 89 f7 49 89 fc 48 8d 8f b8 09 00 00
0x000000010321dc9c:   48 89 4d a8 48 89 55 b8 48 89 5d c0 48 89 75 b0
0x000000010321dcac:   48 8b 4a 10 ff c8 89 42 18 48 8b 04 c1 48 89 45
0x000000010321dcbc:   c8 8b 70 28 48 89 f0 48 c1 e8 05 41 3b 47 10 73
0x000000010321dccc:   1a 49 8b 4f 18 8b 14 81 89 d7 0f ab f7 89 3c 81
0x000000010321dcdc:   0f a3 f2 0f 82 b5 01 00 00 eb 09 49 8b 07 4c 89
0x000000010321dcec:   ff ff 50 20 48 8b 45 c8 8b 40 20 89 45 d4 31 c0
0x000000010321dcfc:   eb 60 48 8b 01 48 89 45 c8 8b 40 20 89 45 d4 8b
0x000000010321dd0c:   41 08 48 83 c1 f0 48 89 0b eb 47 49 8b 07 4c 89
0x000000010321dd1c:   ff ff 50 20 48 8b 4d c0 48 8b 01 48 83 c0 10 48
0x000000010321dd2c:   89 01 49 ff c6 48 3b 41 08 72 0f 48 8b 5d c0 48
0x000000010321dd3c:   89 df e8 93 b2 0b 00 48 8b 03 48 8b 4d c8 48 89
0x000000010321dd4c:   08 44 89 70 08 41 8b 45 20 89 45 d4 31 c0 4c 89
0x000000010321dd5c:   6d c8 41 89 c6 eb 03 49 ff c6 44 3b 75 d4 0f 83
0x000000010321dd6c:   0d 01 00 00 48 8b 45 c8 48 8b 40 10 4e 8b 2c f0
0x000000010321dd7c:   41 8b 75 28 41 39 74 24 28 76 0c 49 8b 44 24 30
0x000000010321dd8c:   48 83 3c f0 00 75 3f 49 83 7d 10 00 74 38 41 8b
0x000000010321dd9c:   84 24 c0 09 00 00 41 8b 9c 24 d0 09 00 00 8d 4b
0x000000010321ddac:   01 41 89 8c 24 d0 09 00 00 39 d8 77 0b 48 8b 7d
0x000000010321ddbc:   a8 89 de e8 7e ad 0b 00 49 8b 84 24 c8 09 00 00
0x000000010321ddcc:   4c 89 2c d8 eb 91 49 8b 45 08 48 83 38 00 74 73
0x000000010321dddc:   49 8b 45 00 4c 89 ef ff 50 10 84 c0 75 0d 41 0f
0x000000010321ddec:   b7 45 2c 83 e0 0f 83 f8 0c 75 54 41 8b 45 28 48
0x000000010321ddfc:   89 c1 48 c1 e9 05 41 3b 4f 10 73 10 49 8b 57 18
0x000000010321de0c:   8b 0c 8a 0f a3 c1 0f 82 4b ff ff ff 48 8b 5d b8
0x000000010321de1c:   8b 43 08 44 8b 7b 18 41 8d 4f 01 89 4b 18 44 39
0x000000010321de2c:   f8 77 0b 48 89 df 44 89 fe e8 08 ad 0b 00 48 8b
0x000000010321de3c:   43 10 4e 89 2c f8 4c 8b 7d b0 e9 18 ff ff ff 41
0x000000010321de4c:   8b 75 28 89 f0 c1 e8 05 41 3b 47 10 0f 83 b9 fe
0x000000010321de5c:   ff ff 49 8b 4f 18 89 c0 8b 14 81 89 d7 0f ab f7
0x000000010321de6c:   89 3c 81 0f a3 f2 0f 82 eb fe ff ff e9 a3 fe ff 


Stack slot to memory mapping:
stack at sp + 0 slots: 0x0000000000004000 is an unknown value
stack at sp + 1 slots: 0x000070000be3c738 is pointing into the stack for thread: 0x00007fa351038800
stack at sp + 2 slots: 0x000070000be3bce0 is pointing into the stack for thread: 0x00007fa351038800
stack at sp + 3 slots: 0x000070000be3bd00 is pointing into the stack for thread: 0x00007fa351038800
stack at sp + 4 slots: 0x000070000be3bcc0 is pointing into the stack for thread: 0x00007fa351038800
stack at sp + 5 slots: 0x00007fa352ed4cc0 points into unknown readable memory: e8 43 5e 03 01 00 00 00
stack at sp + 6 slots: 0x000000010be3b9c0 is an unknown value
stack at sp + 7 slots: 0x0000000000000001 is an unknown value


---------------  P R O C E S S  ---------------

Threads class SMR info:
_java_thread_list=0x00007fa3530f2cd0, length=46, elements={
0x00007fa351807000, 0x00007fa3518be000, 0x00007fa3518bb800, 0x00007fa351033000,
0x00007fa351038800, 0x00007fa351007000, 0x00007fa3518d2000, 0x00007fa351007800,
0x00007fa3518d7000, 0x00007fa351a65800, 0x00007fa351a04000, 0x00007fa352b02000,
0x00007fa352b48000, 0x00007fa3512a9000, 0x00007fa3524c7800, 0x00007fa351a82000,
0x00007fa35248c800, 0x00007fa352b21000, 0x00007fa351d35000, 0x00007fa3511f9800,
0x00007fa3511fe800, 0x00007fa351a52000, 0x00007fa351e0d000, 0x00007fa352725800,
0x00007fa351e1a000, 0x00007fa3518e0000, 0x00007fa3518fd000, 0x00007fa351562000,
0x00007fa352596000, 0x00007fa352724000, 0x00007fa3518fe000, 0x00007fa3527f6800,
0x00007fa3526b5800, 0x00007fa3526b6800, 0x00007fa352710000, 0x00007fa3518ff000,
0x00007fa352711000, 0x00007fa351900000, 0x00007fa352f2d000, 0x00007fa352f31800,
0x00007fa352fa3000, 0x00007fa352fa4000, 0x00007fa352fa5000, 0x00007fa352fa6000,
0x00007fa352fa6800, 0x00007fa353802800
}

Java Threads: ( => current thread )
  0x00007fa351807000 JavaThread "main" [_thread_blocked, id=5379, stack(0x000070000b21b000,0x000070000b31b000)]
  0x00007fa3518be000 JavaThread "Reference Handler" daemon [_thread_blocked, id=13827, stack(0x000070000b9b3000,0x000070000bab3000)]
  0x00007fa3518bb800 JavaThread "Finalizer" daemon [_thread_blocked, id=14083, stack(0x000070000bab6000,0x000070000bbb6000)]
  0x00007fa351033000 JavaThread "Signal Dispatcher" daemon [_thread_blocked, id=15875, stack(0x000070000bc3c000,0x000070000bd3c000)]
=>0x00007fa351038800 JavaThread "C2 CompilerThread0" daemon [_thread_in_native, id=22019, stack(0x000070000bd3f000,0x000070000be3f000)]
  0x00007fa351007000 JavaThread "C1 CompilerThread0" daemon [_thread_blocked, id=22531, stack(0x000070000be42000,0x000070000bf42000)]
  0x00007fa3518d2000 JavaThread "Sweeper thread" daemon [_thread_blocked, id=23299, stack(0x000070000bf45000,0x000070000c045000)]
  0x00007fa351007800 JavaThread "Common-Cleaner" daemon [_thread_blocked, id=23555, stack(0x000070000c048000,0x000070000c148000)]
  0x00007fa3518d7000 JavaThread "Service Thread" daemon [_thread_blocked, id=24067, stack(0x000070000c14b000,0x000070000c24b000)]
  0x00007fa351a65800 JavaThread "Daemon health stats" [_thread_blocked, id=40707, stack(0x000070000c454000,0x000070000c554000)]
  0x00007fa351a04000 JavaThread "Incoming local TCP Connector on port 49804" [_thread_in_native, id=40195, stack(0x000070000c557000,0x000070000c657000)]
  0x00007fa352b02000 JavaThread "Daemon" [_thread_blocked, id=39939, stack(0x000070000c65a000,0x000070000c75a000)]
  0x00007fa352b48000 JavaThread "Handler for socket connection from /127.0.0.1:49804 to /127.0.0.1:49808" [_thread_in_native, id=39427, stack(0x000070000c75d000,0x000070000c85d000)]
  0x00007fa3512a9000 JavaThread "Daemon periodic checks" [_thread_blocked, id=25859, stack(0x000070000c860000,0x000070000c960000)]
  0x00007fa3524c7800 JavaThread "Cancel handler" [_thread_blocked, id=39171, stack(0x000070000c963000,0x000070000ca63000)]
  0x00007fa351a82000 JavaThread "Daemon worker" [_thread_in_Java, id=26627, stack(0x000070000ca66000,0x000070000cb66000)]
  0x00007fa35248c800 JavaThread "Asynchronous log dispatcher for DefaultDaemonConnection: socket connection from /127.0.0.1:49804 to /127.0.0.1:49808" [_thread_blocked, id=37891, stack(0x000070000cb69000,0x000070000cc69000)]
  0x00007fa352b21000 JavaThread "Stdin handler" [_thread_blocked, id=26883, stack(0x000070000cc6c000,0x000070000cd6c000)]
  0x00007fa351d35000 JavaThread "Thread-8" [_thread_blocked, id=36867, stack(0x000070000cd6f000,0x000070000ce6f000)]
  0x00007fa3511f9800 JavaThread "Cache worker for file hash cache (/Users/mac/.gradle/caches/6.7.1/fileHashes)" [_thread_blocked, id=27651, stack(0x000070000cf75000,0x000070000d075000)]
  0x00007fa3511fe800 JavaThread "File lock request listener" [_thread_in_native, id=35587, stack(0x000070000d078000,0x000070000d178000)]
  0x00007fa351a52000 JavaThread "File lock release action executor" [_thread_blocked, id=35075, stack(0x000070000d17b000,0x000070000d27b000)]
  0x00007fa351e0d000 JavaThread "Cache worker for journal cache (/Users/mac/.gradle/caches/journal-1)" [_thread_blocked, id=28931, stack(0x000070000d27e000,0x000070000d37e000)]
  0x00007fa352725800 JavaThread "Cache worker for file hash cache (/Users/mac/Documents/AS/Finances/.gradle/6.7.1/fileHashes)" [_thread_blocked, id=29699, stack(0x000070000d381000,0x000070000d481000)]
  0x00007fa351e1a000 JavaThread "jar transforms" [_thread_blocked, id=30211, stack(0x000070000d484000,0x000070000d584000)]
  0x00007fa3518e0000 JavaThread "jar transforms Thread 2" [_thread_blocked, id=34307, stack(0x000070000d587000,0x000070000d687000)]
  0x00007fa3518fd000 JavaThread "jar transforms Thread 3" [_thread_blocked, id=33539, stack(0x000070000d68a000,0x000070000d78a000)]
  0x00007fa351562000 JavaThread "jar transforms Thread 4" [_thread_blocked, id=30979, stack(0x000070000d78d000,0x000070000d88d000)]
  0x00007fa352596000 JavaThread "jar transforms Thread 5" [_thread_blocked, id=32515, stack(0x000070000d890000,0x000070000d990000)]
  0x00007fa352724000 JavaThread "jar transforms Thread 6" [_thread_blocked, id=31235, stack(0x000070000d993000,0x000070000da93000)]
  0x00007fa3518fe000 JavaThread "jar transforms Thread 7" [_thread_blocked, id=43523, stack(0x000070000da96000,0x000070000db96000)]
  0x00007fa3527f6800 JavaThread "jar transforms Thread 8" [_thread_blocked, id=86531, stack(0x000070000db99000,0x000070000dc99000)]
  0x00007fa3526b5800 JavaThread "jar transforms Thread 9" [_thread_blocked, id=86019, stack(0x000070000dc9c000,0x000070000dd9c000)]
  0x00007fa3526b6800 JavaThread "jar transforms Thread 10" [_thread_blocked, id=44035, stack(0x000070000dd9f000,0x000070000de9f000)]
  0x00007fa352710000 JavaThread "jar transforms Thread 11" [_thread_blocked, id=44547, stack(0x000070000dea2000,0x000070000dfa2000)]
  0x00007fa3518ff000 JavaThread "jar transforms Thread 12" [_thread_blocked, id=84995, stack(0x000070000dfa5000,0x000070000e0a5000)]
  0x00007fa352711000 JavaThread "jar transforms Thread 13" [_thread_blocked, id=84739, stack(0x000070000e0a8000,0x000070000e1a8000)]
  0x00007fa351900000 JavaThread "jar transforms Thread 14" [_thread_blocked, id=46083, stack(0x000070000e1ab000,0x000070000e2ab000)]
  0x00007fa352f2d000 JavaThread "jar transforms Thread 15" [_thread_blocked, id=46339, stack(0x000070000e2ae000,0x000070000e3ae000)]
  0x00007fa352f31800 JavaThread "jar transforms Thread 16" [_thread_blocked, id=83715, stack(0x000070000e3b1000,0x000070000e4b1000)]
  0x00007fa352fa3000 JavaThread "jar transforms Thread 17" [_thread_blocked, id=83203, stack(0x000070000e4b4000,0x000070000e5b4000)]
  0x00007fa352fa4000 JavaThread "jar transforms Thread 18" [_thread_blocked, id=82947, stack(0x000070000e5b7000,0x000070000e6b7000)]
  0x00007fa352fa5000 JavaThread "jar transforms Thread 19" [_thread_blocked, id=82691, stack(0x000070000e6ba000,0x000070000e7ba000)]
  0x00007fa352fa6000 JavaThread "jar transforms Thread 20" [_thread_blocked, id=48387, stack(0x000070000e7bd000,0x000070000e8bd000)]
  0x00007fa352fa6800 JavaThread "jar transforms Thread 21" [_thread_blocked, id=48899, stack(0x000070000e8c0000,0x000070000e9c0000)]
  0x00007fa353802800 JavaThread "Cache worker for checksums cache (/Users/mac/Documents/AS/Finances/.gradle/checksums)" [_thread_blocked, id=81667, stack(0x000070000e9c3000,0x000070000eac3000)]

Other Threads:
  0x00007fa3518ae000 VMThread "VM Thread" [stack: 0x000070000b8b0000,0x000070000b9b0000] [id=18435]
  0x00007fa35112a000 WatcherThread [stack: 0x000070000c24e000,0x000070000c34e000] [id=41731]
  0x00007fa351809000 GCTaskThread "GC Thread#0" [stack: 0x000070000b31e000,0x000070000b41e000] [id=10755]
  0x00007fa35111e000 GCTaskThread "GC Thread#1" [stack: 0x000070000c351000,0x000070000c451000] [id=41219]
  0x00007fa351841000 ConcurrentGCThread "G1 Main Marker" [stack: 0x000070000b421000,0x000070000b521000] [id=11267]
  0x00007fa351842000 ConcurrentGCThread "G1 Conc#0" [stack: 0x000070000b524000,0x000070000b624000] [id=21251]
  0x00007fa35188a800 ConcurrentGCThread "G1 Refine#0" [stack: 0x000070000b627000,0x000070000b727000] [id=12291]
  0x00007fa3515c9800 ConcurrentGCThread "G1 Refine#1" [stack: 0x000070000ce72000,0x000070000cf72000] [id=27395]
  0x00007fa35188b800 ConcurrentGCThread "G1 Young RemSet Sampling" [stack: 0x000070000b72a000,0x000070000b82a000] [id=20739]

Threads with active compile tasks:
C2 CompilerThread0  18703 2297       4       java.net.URLClassLoader$1::run (5 bytes)

VM state:not at safepoint (normal execution)

VM Mutex/Monitor currently owned by a thread: None

Heap address: 0x0000000780000000, size: 2048 MB, Compressed Oops mode: Zero based, Oop shift amount: 3
Narrow klass base: 0x0000000800000000, Narrow klass shift: 0
Compressed class space size: 1073741824 Address: 0x0000000800000000

Heap:
 garbage-first heap   total 131072K, used 59775K [0x0000000780000000, 0x0000000800000000)
  region size 1024K, 35 young (35840K), 2 survivors (2048K)
 Metaspace       used 27086K, capacity 27828K, committed 28032K, reserved 1073152K
  class space    used 3582K, capacity 3853K, committed 3968K, reserved 1048576K
Heap Regions: E=young(eden), S=young(survivor), O=old, HS=humongous(starts), HC=humongous(continues), CS=collection set, F=free, A=archive, TAMS=top-at-mark-start (previous, next)
|   0|0x0000000780000000, 0x0000000780100000, 0x0000000780100000|100%| O|  |TAMS 0x0000000780100000, 0x0000000780000000| Untracked 
|   1|0x0000000780100000, 0x0000000780200000, 0x0000000780200000|100%| O|  |TAMS 0x0000000780200000, 0x0000000780100000| Untracked 
|   2|0x0000000780200000, 0x0000000780300000, 0x0000000780300000|100%| O|  |TAMS 0x0000000780300000, 0x0000000780200000| Untracked 
|   3|0x0000000780300000, 0x0000000780400000, 0x0000000780400000|100%| O|  |TAMS 0x0000000780400000, 0x0000000780300000| Untracked 
|   4|0x0000000780400000, 0x0000000780500000, 0x0000000780500000|100%|HS|  |TAMS 0x0000000780500000, 0x0000000780400000| Complete 
|   5|0x0000000780500000, 0x0000000780600000, 0x0000000780600000|100%|HC|  |TAMS 0x0000000780600000, 0x0000000780500000| Complete 
|   6|0x0000000780600000, 0x0000000780700000, 0x0000000780700000|100%|HC|  |TAMS 0x0000000780700000, 0x0000000780600000| Complete 
|   7|0x0000000780700000, 0x0000000780800000, 0x0000000780800000|100%| O|  |TAMS 0x0000000780800000, 0x0000000780700000| Untracked 
|   8|0x0000000780800000, 0x0000000780900000, 0x0000000780900000|100%| O|  |TAMS 0x0000000780900000, 0x0000000780800000| Untracked 
|   9|0x0000000780900000, 0x0000000780a00000, 0x0000000780a00000|100%| O|  |TAMS 0x0000000780a00000, 0x0000000780900000| Untracked 
|  10|0x0000000780a00000, 0x0000000780b00000, 0x0000000780b00000|100%| O|  |TAMS 0x0000000780b00000, 0x0000000780a00000| Untracked 
|  11|0x0000000780b00000, 0x0000000780c00000, 0x0000000780c00000|100%| O|  |TAMS 0x0000000780c00000, 0x0000000780b00000| Untracked 
|  12|0x0000000780c00000, 0x0000000780d00000, 0x0000000780d00000|100%| O|  |TAMS 0x0000000780d00000, 0x0000000780c00000| Untracked 
|  13|0x0000000780d00000, 0x0000000780e00000, 0x0000000780e00000|100%| O|  |TAMS 0x0000000780e00000, 0x0000000780d00000| Untracked 
|  14|0x0000000780e00000, 0x0000000780f00000, 0x0000000780f00000|100%| O|  |TAMS 0x0000000780f00000, 0x0000000780e00000| Untracked 
|  15|0x0000000780f00000, 0x0000000780f64e00, 0x0000000781000000| 39%| O|  |TAMS 0x0000000780f64e00, 0x0000000780f00000| Untracked 
|  16|0x0000000781000000, 0x0000000781100000, 0x0000000781100000|100%|HS|  |TAMS 0x0000000781000000, 0x0000000781000000| Complete 
|  17|0x0000000781100000, 0x0000000781200000, 0x0000000781200000|100%|HC|  |TAMS 0x0000000781100000, 0x0000000781100000| Complete 
|  18|0x0000000781200000, 0x0000000781300000, 0x0000000781300000|100%|HS|  |TAMS 0x0000000781200000, 0x0000000781200000| Complete 
|  19|0x0000000781300000, 0x0000000781400000, 0x0000000781400000|100%|HC|  |TAMS 0x0000000781300000, 0x0000000781300000| Complete 
|  20|0x0000000781400000, 0x0000000781500000, 0x0000000781500000|100%|HC|  |TAMS 0x0000000781400000, 0x0000000781400000| Complete 
|  21|0x0000000781500000, 0x0000000781600000, 0x0000000781600000|100%|HS|  |TAMS 0x0000000781500000, 0x0000000781500000| Complete 
|  22|0x0000000781600000, 0x0000000781700000, 0x0000000781700000|100%|HC|  |TAMS 0x0000000781600000, 0x0000000781600000| Complete 
|  23|0x0000000781700000, 0x0000000781800000, 0x0000000781800000|100%|HC|  |TAMS 0x0000000781700000, 0x0000000781700000| Complete 
|  24|0x0000000781800000, 0x0000000781900000, 0x0000000781900000|100%|HC|  |TAMS 0x0000000781800000, 0x0000000781800000| Complete 
|  25|0x0000000781900000, 0x0000000781900000, 0x0000000781a00000|  0%| F|  |TAMS 0x0000000781900000, 0x0000000781900000| Untracked 
|  26|0x0000000781a00000, 0x0000000781a00000, 0x0000000781b00000|  0%| F|  |TAMS 0x0000000781a00000, 0x0000000781a00000| Untracked 
|  27|0x0000000781b00000, 0x0000000781b00000, 0x0000000781c00000|  0%| F|  |TAMS 0x0000000781b00000, 0x0000000781b00000| Untracked 
|  28|0x0000000781c00000, 0x0000000781c00000, 0x0000000781d00000|  0%| F|  |TAMS 0x0000000781c00000, 0x0000000781c00000| Untracked 
|  29|0x0000000781d00000, 0x0000000781d00000, 0x0000000781e00000|  0%| F|  |TAMS 0x0000000781d00000, 0x0000000781d00000| Untracked 
|  30|0x0000000781e00000, 0x0000000781e00000, 0x0000000781f00000|  0%| F|  |TAMS 0x0000000781e00000, 0x0000000781e00000| Untracked 
|  31|0x0000000781f00000, 0x0000000781f00000, 0x0000000782000000|  0%| F|  |TAMS 0x0000000781f00000, 0x0000000781f00000| Untracked 
|  32|0x0000000782000000, 0x0000000782000000, 0x0000000782100000|  0%| F|  |TAMS 0x0000000782000000, 0x0000000782000000| Untracked 
|  33|0x0000000782100000, 0x0000000782100000, 0x0000000782200000|  0%| F|  |TAMS 0x0000000782100000, 0x0000000782100000| Untracked 
|  34|0x0000000782200000, 0x0000000782200000, 0x0000000782300000|  0%| F|  |TAMS 0x0000000782200000, 0x0000000782200000| Untracked 
|  35|0x0000000782300000, 0x0000000782300000, 0x0000000782400000|  0%| F|  |TAMS 0x0000000782300000, 0x0000000782300000| Untracked 
|  36|0x0000000782400000, 0x0000000782400000, 0x0000000782500000|  0%| F|  |TAMS 0x0000000782400000, 0x0000000782400000| Untracked 
|  37|0x0000000782500000, 0x0000000782500000, 0x0000000782600000|  0%| F|  |TAMS 0x0000000782500000, 0x0000000782500000| Untracked 
|  38|0x0000000782600000, 0x0000000782600000, 0x0000000782700000|  0%| F|  |TAMS 0x0000000782600000, 0x0000000782600000| Untracked 
|  39|0x0000000782700000, 0x0000000782700000, 0x0000000782800000|  0%| F|  |TAMS 0x0000000782700000, 0x0000000782700000| Untracked 
|  40|0x0000000782800000, 0x0000000782800000, 0x0000000782900000|  0%| F|  |TAMS 0x0000000782800000, 0x0000000782800000| Untracked 
|  41|0x0000000782900000, 0x0000000782900000, 0x0000000782a00000|  0%| F|  |TAMS 0x0000000782900000, 0x0000000782900000| Untracked 
|  42|0x0000000782a00000, 0x0000000782a00000, 0x0000000782b00000|  0%| F|  |TAMS 0x0000000782a00000, 0x0000000782a00000| Untracked 
|  43|0x0000000782b00000, 0x0000000782b00000, 0x0000000782c00000|  0%| F|  |TAMS 0x0000000782b00000, 0x0000000782b00000| Untracked 
|  44|0x0000000782c00000, 0x0000000782c00000, 0x0000000782d00000|  0%| F|  |TAMS 0x0000000782c00000, 0x0000000782c00000| Untracked 
|  45|0x0000000782d00000, 0x0000000782d00000, 0x0000000782e00000|  0%| F|  |TAMS 0x0000000782d00000, 0x0000000782d00000| Untracked 
|  46|0x0000000782e00000, 0x0000000782e00000, 0x0000000782f00000|  0%| F|  |TAMS 0x0000000782e00000, 0x0000000782e00000| Untracked 
|  47|0x0000000782f00000, 0x0000000782f00000, 0x0000000783000000|  0%| F|  |TAMS 0x0000000782f00000, 0x0000000782f00000| Untracked 
|  48|0x0000000783000000, 0x0000000783000000, 0x0000000783100000|  0%| F|  |TAMS 0x0000000783000000, 0x0000000783000000| Untracked 
|  49|0x0000000783100000, 0x0000000783100000, 0x0000000783200000|  0%| F|  |TAMS 0x0000000783100000, 0x0000000783100000| Untracked 
|  50|0x0000000783200000, 0x0000000783200000, 0x0000000783300000|  0%| F|  |TAMS 0x0000000783200000, 0x0000000783200000| Untracked 
|  51|0x0000000783300000, 0x0000000783300000, 0x0000000783400000|  0%| F|  |TAMS 0x0000000783300000, 0x0000000783300000| Untracked 
|  52|0x0000000783400000, 0x0000000783400000, 0x0000000783500000|  0%| F|  |TAMS 0x0000000783400000, 0x0000000783400000| Untracked 
|  53|0x0000000783500000, 0x0000000783500000, 0x0000000783600000|  0%| F|  |TAMS 0x0000000783500000, 0x0000000783500000| Untracked 
|  54|0x0000000783600000, 0x0000000783600000, 0x0000000783700000|  0%| F|  |TAMS 0x0000000783600000, 0x0000000783600000| Untracked 
|  55|0x0000000783700000, 0x0000000783700000, 0x0000000783800000|  0%| F|  |TAMS 0x0000000783700000, 0x0000000783700000| Untracked 
|  56|0x0000000783800000, 0x0000000783800000, 0x0000000783900000|  0%| F|  |TAMS 0x0000000783800000, 0x0000000783800000| Untracked 
|  57|0x0000000783900000, 0x0000000783900000, 0x0000000783a00000|  0%| F|  |TAMS 0x0000000783900000, 0x0000000783900000| Untracked 
|  58|0x0000000783a00000, 0x0000000783a00000, 0x0000000783b00000|  0%| F|  |TAMS 0x0000000783a00000, 0x0000000783a00000| Untracked 
|  59|0x0000000783b00000, 0x0000000783b00000, 0x0000000783c00000|  0%| F|  |TAMS 0x0000000783b00000, 0x0000000783b00000| Untracked 
|  60|0x0000000783c00000, 0x0000000783c00000, 0x0000000783d00000|  0%| F|  |TAMS 0x0000000783c00000, 0x0000000783c00000| Untracked 
|  61|0x0000000783d00000, 0x0000000783d00000, 0x0000000783e00000|  0%| F|  |TAMS 0x0000000783d00000, 0x0000000783d00000| Untracked 
|  62|0x0000000783e00000, 0x0000000783e00000, 0x0000000783f00000|  0%| F|  |TAMS 0x0000000783e00000, 0x0000000783e00000| Untracked 
|  63|0x0000000783f00000, 0x0000000783f00000, 0x0000000784000000|  0%| F|  |TAMS 0x0000000783f00000, 0x0000000783f00000| Untracked 
|  64|0x0000000784000000, 0x0000000784000000, 0x0000000784100000|  0%| F|  |TAMS 0x0000000784000000, 0x0000000784000000| Untracked 
|  65|0x0000000784100000, 0x0000000784100000, 0x0000000784200000|  0%| F|  |TAMS 0x0000000784100000, 0x0000000784100000| Untracked 
|  66|0x0000000784200000, 0x0000000784200000, 0x0000000784300000|  0%| F|  |TAMS 0x0000000784200000, 0x0000000784200000| Untracked 
|  67|0x0000000784300000, 0x0000000784300000, 0x0000000784400000|  0%| F|  |TAMS 0x0000000784300000, 0x0000000784300000| Untracked 
|  68|0x0000000784400000, 0x0000000784400000, 0x0000000784500000|  0%| F|  |TAMS 0x0000000784400000, 0x0000000784400000| Untracked 
|  69|0x0000000784500000, 0x0000000784500000, 0x0000000784600000|  0%| F|  |TAMS 0x0000000784500000, 0x0000000784500000| Untracked 
|  70|0x0000000784600000, 0x0000000784600000, 0x0000000784700000|  0%| F|  |TAMS 0x0000000784600000, 0x0000000784600000| Untracked 
|  71|0x0000000784700000, 0x0000000784700000, 0x0000000784800000|  0%| F|  |TAMS 0x0000000784700000, 0x0000000784700000| Untracked 
|  72|0x0000000784800000, 0x0000000784800000, 0x0000000784900000|  0%| F|  |TAMS 0x0000000784800000, 0x0000000784800000| Untracked 
|  73|0x0000000784900000, 0x0000000784900000, 0x0000000784a00000|  0%| F|  |TAMS 0x0000000784900000, 0x0000000784900000| Untracked 
|  74|0x0000000784a00000, 0x0000000784a00000, 0x0000000784b00000|  0%| F|  |TAMS 0x0000000784a00000, 0x0000000784a00000| Untracked 
|  75|0x0000000784b00000, 0x0000000784b00000, 0x0000000784c00000|  0%| F|  |TAMS 0x0000000784b00000, 0x0000000784b00000| Untracked 
|  76|0x0000000784c00000, 0x0000000784c00000, 0x0000000784d00000|  0%| F|  |TAMS 0x0000000784c00000, 0x0000000784c00000| Untracked 
|  77|0x0000000784d00000, 0x0000000784d00000, 0x0000000784e00000|  0%| F|  |TAMS 0x0000000784d00000, 0x0000000784d00000| Untracked 
|  78|0x0000000784e00000, 0x0000000784e00000, 0x0000000784f00000|  0%| F|  |TAMS 0x0000000784e00000, 0x0000000784e00000| Untracked 
|  79|0x0000000784f00000, 0x0000000784f00000, 0x0000000785000000|  0%| F|  |TAMS 0x0000000784f00000, 0x0000000784f00000| Untracked 
|  80|0x0000000785000000, 0x0000000785000000, 0x0000000785100000|  0%| F|  |TAMS 0x0000000785000000, 0x0000000785000000| Untracked 
|  81|0x0000000785100000, 0x0000000785100000, 0x0000000785200000|  0%| F|  |TAMS 0x0000000785100000, 0x0000000785100000| Untracked 
|  82|0x0000000785200000, 0x0000000785200000, 0x0000000785300000|  0%| F|  |TAMS 0x0000000785200000, 0x0000000785200000| Untracked 
|  83|0x0000000785300000, 0x0000000785300000, 0x0000000785400000|  0%| F|  |TAMS 0x0000000785300000, 0x0000000785300000| Untracked 
|  84|0x0000000785400000, 0x0000000785400000, 0x0000000785500000|  0%| F|  |TAMS 0x0000000785400000, 0x0000000785400000| Untracked 
|  85|0x0000000785500000, 0x0000000785500000, 0x0000000785600000|  0%| F|  |TAMS 0x0000000785500000, 0x0000000785500000| Untracked 
|  86|0x0000000785600000, 0x0000000785600000, 0x0000000785700000|  0%| F|  |TAMS 0x0000000785600000, 0x0000000785600000| Untracked 
|  87|0x0000000785700000, 0x0000000785700000, 0x0000000785800000|  0%| F|  |TAMS 0x0000000785700000, 0x0000000785700000| Untracked 
|  88|0x0000000785800000, 0x0000000785800000, 0x0000000785900000|  0%| F|  |TAMS 0x0000000785800000, 0x0000000785800000| Untracked 
|  89|0x0000000785900000, 0x0000000785900000, 0x0000000785a00000|  0%| F|  |TAMS 0x0000000785900000, 0x0000000785900000| Untracked 
|  90|0x0000000785a00000, 0x0000000785a00000, 0x0000000785b00000|  0%| F|  |TAMS 0x0000000785a00000, 0x0000000785a00000| Untracked 
|  91|0x0000000785b00000, 0x0000000785b00000, 0x0000000785c00000|  0%| F|  |TAMS 0x0000000785b00000, 0x0000000785b00000| Untracked 
|  92|0x0000000785c00000, 0x0000000785d00000, 0x0000000785d00000|100%| E|  |TAMS 0x0000000785c00000, 0x0000000785c00000| Complete 
|  93|0x0000000785d00000, 0x0000000785e00000, 0x0000000785e00000|100%| E|CS|TAMS 0x0000000785d00000, 0x0000000785d00000| Complete 
|  94|0x0000000785e00000, 0x0000000785efaeb0, 0x0000000785f00000| 98%| S|CS|TAMS 0x0000000785e00000, 0x0000000785e00000| Complete 
|  95|0x0000000785f00000, 0x0000000786000000, 0x0000000786000000|100%| S|CS|TAMS 0x0000000785f00000, 0x0000000785f00000| Complete 
|  96|0x0000000786000000, 0x0000000786100000, 0x0000000786100000|100%| E|CS|TAMS 0x0000000786000000, 0x0000000786000000| Complete 
|  97|0x0000000786100000, 0x0000000786200000, 0x0000000786200000|100%| E|CS|TAMS 0x0000000786100000, 0x0000000786100000| Complete 
|  98|0x0000000786200000, 0x0000000786300000, 0x0000000786300000|100%| E|CS|TAMS 0x0000000786200000, 0x0000000786200000| Complete 
|  99|0x0000000786300000, 0x0000000786400000, 0x0000000786400000|100%| E|CS|TAMS 0x0000000786300000, 0x0000000786300000| Complete 
| 100|0x0000000786400000, 0x0000000786500000, 0x0000000786500000|100%| E|CS|TAMS 0x0000000786400000, 0x0000000786400000| Complete 
| 101|0x0000000786500000, 0x0000000786600000, 0x0000000786600000|100%| E|CS|TAMS 0x0000000786500000, 0x0000000786500000| Complete 
| 102|0x0000000786600000, 0x0000000786700000, 0x0000000786700000|100%| E|CS|TAMS 0x0000000786600000, 0x0000000786600000| Complete 
| 103|0x0000000786700000, 0x0000000786800000, 0x0000000786800000|100%| E|CS|TAMS 0x0000000786700000, 0x0000000786700000| Complete 
| 104|0x0000000786800000, 0x0000000786900000, 0x0000000786900000|100%| E|CS|TAMS 0x0000000786800000, 0x0000000786800000| Complete 
| 105|0x0000000786900000, 0x0000000786a00000, 0x0000000786a00000|100%| E|CS|TAMS 0x0000000786900000, 0x0000000786900000| Complete 
| 106|0x0000000786a00000, 0x0000000786b00000, 0x0000000786b00000|100%| E|CS|TAMS 0x0000000786a00000, 0x0000000786a00000| Complete 
| 107|0x0000000786b00000, 0x0000000786c00000, 0x0000000786c00000|100%| E|CS|TAMS 0x0000000786b00000, 0x0000000786b00000| Complete 
| 108|0x0000000786c00000, 0x0000000786d00000, 0x0000000786d00000|100%| E|CS|TAMS 0x0000000786c00000, 0x0000000786c00000| Complete 
| 109|0x0000000786d00000, 0x0000000786e00000, 0x0000000786e00000|100%| E|CS|TAMS 0x0000000786d00000, 0x0000000786d00000| Complete 
| 110|0x0000000786e00000, 0x0000000786f00000, 0x0000000786f00000|100%| E|CS|TAMS 0x0000000786e00000, 0x0000000786e00000| Complete 
| 111|0x0000000786f00000, 0x0000000787000000, 0x0000000787000000|100%| E|CS|TAMS 0x0000000786f00000, 0x0000000786f00000| Complete 
| 112|0x0000000787000000, 0x0000000787100000, 0x0000000787100000|100%| E|CS|TAMS 0x0000000787000000, 0x0000000787000000| Complete 
| 113|0x0000000787100000, 0x0000000787200000, 0x0000000787200000|100%| E|CS|TAMS 0x0000000787100000, 0x0000000787100000| Complete 
| 114|0x0000000787200000, 0x0000000787300000, 0x0000000787300000|100%| E|CS|TAMS 0x0000000787200000, 0x0000000787200000| Complete 
| 115|0x0000000787300000, 0x0000000787400000, 0x0000000787400000|100%| E|CS|TAMS 0x0000000787300000, 0x0000000787300000| Complete 
| 116|0x0000000787400000, 0x0000000787500000, 0x0000000787500000|100%| E|CS|TAMS 0x0000000787400000, 0x0000000787400000| Complete 
| 117|0x0000000787500000, 0x0000000787600000, 0x0000000787600000|100%| E|CS|TAMS 0x0000000787500000, 0x0000000787500000| Complete 
| 118|0x0000000787600000, 0x0000000787700000, 0x0000000787700000|100%| E|CS|TAMS 0x0000000787600000, 0x0000000787600000| Complete 
| 119|0x0000000787700000, 0x0000000787800000, 0x0000000787800000|100%| E|CS|TAMS 0x0000000787700000, 0x0000000787700000| Complete 
| 120|0x0000000787800000, 0x0000000787900000, 0x0000000787900000|100%| E|CS|TAMS 0x0000000787800000, 0x0000000787800000| Complete 
| 121|0x0000000787900000, 0x0000000787a00000, 0x0000000787a00000|100%| E|CS|TAMS 0x0000000787900000, 0x0000000787900000| Complete 
| 122|0x0000000787a00000, 0x0000000787b00000, 0x0000000787b00000|100%| E|CS|TAMS 0x0000000787a00000, 0x0000000787a00000| Complete 
| 123|0x0000000787b00000, 0x0000000787c00000, 0x0000000787c00000|100%| E|CS|TAMS 0x0000000787b00000, 0x0000000787b00000| Complete 
| 124|0x0000000787c00000, 0x0000000787d00000, 0x0000000787d00000|100%| E|CS|TAMS 0x0000000787c00000, 0x0000000787c00000| Complete 
| 125|0x0000000787d00000, 0x0000000787e00000, 0x0000000787e00000|100%| E|CS|TAMS 0x0000000787d00000, 0x0000000787d00000| Complete 
| 126|0x0000000787e00000, 0x0000000787f00000, 0x0000000787f00000|100%| E|CS|TAMS 0x0000000787e00000, 0x0000000787e00000| Complete 
| 127|0x0000000787f00000, 0x0000000788000000, 0x0000000788000000|100%| E|CS|TAMS 0x0000000787f00000, 0x0000000787f00000| Complete 

Card table byte_map: [0x0000000107bf6000,0x0000000107ff6000] _byte_map_base: 0x0000000103ff6000

Marking Bits (Prev, Next): (CMBitMap*) 0x00007fa351838650, (CMBitMap*) 0x00007fa351838618
 Prev Bits: [0x000000010a3f6000, 0x000000010c3f6000)
 Next Bits: [0x00000001083f6000, 0x000000010a3f6000)

Polling page: 0x000000010271b000

Metaspace:

Usage:
  Non-class:     23.55 MB capacity,    23.05 MB ( 98%) used,   454.08 KB (  2%) free+waste,    56.12 KB ( <1%) overhead. 
      Class:      3.77 MB capacity,     3.51 MB ( 93%) used,   236.38 KB (  6%) free+waste,    27.94 KB ( <1%) overhead. 
       Both:     27.32 MB capacity,    26.57 MB ( 97%) used,   690.45 KB (  2%) free+waste,    84.06 KB ( <1%) overhead. 

Virtual space:
  Non-class space:       24.00 MB reserved,      23.75 MB ( 99%) committed 
      Class space:        1.00 GB reserved,       3.88 MB ( <1%) committed 
             Both:        1.02 GB reserved,      27.62 MB (  3%) committed 

Chunk freelists:
   Non-Class:  54.00 KB
       Class:  10.00 KB
        Both:  64.00 KB

MaxMetaspaceSize: unlimited
CompressedClassSpaceSize: 1.00 GB

CodeHeap 'non-profiled nmethods': size=120036Kb used=718Kb max_used=718Kb free=119317Kb
 bounds [0x0000000116cb5000, 0x0000000116f25000, 0x000000011e1ee000]
CodeHeap 'profiled nmethods': size=120032Kb used=4477Kb max_used=4477Kb free=115554Kb
 bounds [0x000000010f77d000, 0x000000010fbed000, 0x0000000116cb5000]
CodeHeap 'non-nmethods': size=5692Kb used=1119Kb max_used=1145Kb free=4572Kb
 bounds [0x000000010f1ee000, 0x000000010f45e000, 0x000000010f77d000]
 total_blobs=2564 nmethods=2089 adapters=388
 compilation: enabled
              stopped_count=0, restarted_count=0
 full_count=0

Compilation events (20 events):
Event: 18.458 Thread 0x00007fa351007000 2303       3       org.gradle.internal.service.DefaultServiceRegistry$CollectingVisitor::visit (25 bytes)
Event: 18.458 Thread 0x00007fa351007000 nmethod 2303 0x000000010fbd4590 code [0x000000010fbd4760, 0x000000010fbd4a50]
Event: 18.505 Thread 0x00007fa351007000 2308       3       jdk.internal.org.objectweb.asm.ClassReader::readUnsignedShort (26 bytes)
Event: 18.505 Thread 0x00007fa351007000 nmethod 2308 0x000000010fbd4b90 code [0x000000010fbd4d40, 0x000000010fbd4e90]
Event: 18.505 Thread 0x00007fa351007000 2305       3       java.lang.reflect.Field::<init> (44 bytes)
Event: 18.505 Thread 0x00007fa351007000 nmethod 2305 0x000000010fbd4f90 code [0x000000010fbd5160, 0x000000010fbd5530]
Event: 18.506 Thread 0x00007fa351007000 2306       3       java.lang.reflect.Field::copy (76 bytes)
Event: 18.506 Thread 0x00007fa351007000 nmethod 2306 0x000000010fbd5610 code [0x000000010fbd5800, 0x000000010fbd5c30]
Event: 18.506 Thread 0x00007fa351007000 2307       3       org.objectweb.asm.Frame::pop (42 bytes)
Event: 18.506 Thread 0x00007fa351007000 nmethod 2307 0x000000010fbd5d10 code [0x000000010fbd5ec0, 0x000000010fbd6050]
Event: 18.553 Thread 0x00007fa351007000 2309       1       com.google.common.cache.CacheBuilder::getStatsCounterSupplier (5 bytes)
Event: 18.553 Thread 0x00007fa351007000 nmethod 2309 0x0000000116d68290 code [0x0000000116d68440, 0x0000000116d684f0]
Event: 18.557 Thread 0x00007fa351007000 2310       3       com.google.common.base.MoreObjects::firstNonNull (22 bytes)
Event: 18.558 Thread 0x00007fa351007000 nmethod 2310 0x000000010fbd6110 code [0x000000010fbd62e0, 0x000000010fbd6500]
Event: 18.558 Thread 0x00007fa351007000 2311       3       com.google.common.cache.LocalCache::discardingQueue (4 bytes)
Event: 18.558 Thread 0x00007fa351007000 nmethod 2311 0x000000010fbd6610 code [0x000000010fbd67c0, 0x000000010fbd68b0]
Event: 18.623 Thread 0x00007fa351007000 2312       3       org.gradle.util.GradleVersion::compareTo (244 bytes)
Event: 18.625 Thread 0x00007fa351007000 nmethod 2312 0x000000010fbd6910 code [0x000000010fbd6be0, 0x000000010fbd7a30]
Event: 18.625 Thread 0x00007fa351007000 2313       3       java.lang.invoke.MemberName::hashCode (43 bytes)
Event: 18.626 Thread 0x00007fa351007000 nmethod 2313 0x000000010fbd7f90 code [0x000000010fbd8200, 0x000000010fbd8f80]

GC Heap History (12 events):
Event: 1.339 GC heap before
{Heap before GC invocations=0 (full 0):
 garbage-first heap   total 131072K, used 7168K [0x0000000780000000, 0x0000000800000000)
  region size 1024K, 7 young (7168K), 0 survivors (0K)
 Metaspace       used 6048K, capacity 6209K, committed 6528K, reserved 1056768K
  class space    used 533K, capacity 578K, committed 640K, reserved 1048576K
}
Event: 1.343 GC heap after
{Heap after GC invocations=1 (full 0):
 garbage-first heap   total 131072K, used 1361K [0x0000000780000000, 0x0000000800000000)
  region size 1024K, 1 young (1024K), 1 survivors (1024K)
 Metaspace       used 6048K, capacity 6209K, committed 6528K, reserved 1056768K
  class space    used 533K, capacity 578K, committed 640K, reserved 1048576K
}
Event: 10.133 GC heap before
{Heap before GC invocations=1 (full 0):
 garbage-first heap   total 131072K, used 83281K [0x0000000780000000, 0x0000000800000000)
  region size 1024K, 76 young (77824K), 1 survivors (1024K)
 Metaspace       used 17593K, capacity 17992K, committed 18176K, reserved 1064960K
  class space    used 2106K, capacity 2229K, committed 2304K, reserved 1048576K
}
Event: 10.162 GC heap after
{Heap after GC invocations=2 (full 0):
 garbage-first heap   total 131072K, used 15609K [0x0000000780000000, 0x0000000800000000)
  region size 1024K, 10 young (10240K), 10 survivors (10240K)
 Metaspace       used 17593K, capacity 17992K, committed 18176K, reserved 1064960K
  class space    used 2106K, capacity 2229K, committed 2304K, reserved 1048576K
}
Event: 10.495 GC heap before
{Heap before GC invocations=2 (full 0):
 garbage-first heap   total 131072K, used 18681K [0x0000000780000000, 0x0000000800000000)
  region size 1024K, 13 young (13312K), 10 survivors (10240K)
 Metaspace       used 18228K, capacity 18609K, committed 18816K, reserved 1064960K
  class space    used 2188K, capacity 2328K, committed 2432K, reserved 1048576K
}
Event: 10.527 GC heap after
{Heap after GC invocations=3 (full 0):
 garbage-first heap   total 131072K, used 16425K [0x0000000780000000, 0x0000000800000000)
  region size 1024K, 1 young (1024K), 1 survivors (1024K)
 Metaspace       used 18228K, capacity 18609K, committed 18816K, reserved 1064960K
  class space    used 2188K, capacity 2328K, committed 2432K, reserved 1048576K
}
Event: 11.645 GC heap before
{Heap before GC invocations=3 (full 0):
 garbage-first heap   total 131072K, used 30761K [0x0000000780000000, 0x0000000800000000)
  region size 1024K, 15 young (15360K), 1 survivors (1024K)
 Metaspace       used 20216K, capacity 20680K, committed 20864K, reserved 1067008K
  class space    used 2473K, capacity 2639K, committed 2688K, reserved 1048576K
}
Event: 11.649 GC heap after
{Heap after GC invocations=4 (full 0):
 garbage-first heap   total 131072K, used 16393K [0x0000000780000000, 0x0000000800000000)
  region size 1024K, 1 young (1024K), 1 survivors (1024K)
 Metaspace       used 20216K, capacity 20680K, committed 20864K, reserved 1067008K
  class space    used 2473K, capacity 2639K, committed 2688K, reserved 1048576K
}
Event: 11.908 GC heap before
{Heap before GC invocations=4 (full 0):
 garbage-first heap   total 131072K, used 18441K [0x0000000780000000, 0x0000000800000000)
  region size 1024K, 4 young (4096K), 1 survivors (1024K)
 Metaspace       used 20624K, capacity 21091K, committed 21248K, reserved 1067008K
  class space    used 2547K, capacity 2713K, committed 2816K, reserved 1048576K
}
Event: 11.912 GC heap after
{Heap after GC invocations=5 (full 0):
 garbage-first heap   total 131072K, used 16369K [0x0000000780000000, 0x0000000800000000)
  region size 1024K, 1 young (1024K), 1 survivors (1024K)
 Metaspace       used 20624K, capacity 21091K, committed 21248K, reserved 1067008K
  class space    used 2547K, capacity 2713K, committed 2816K, reserved 1048576K
}
Event: 15.147 GC heap before
{Heap before GC invocations=6 (full 0):
 garbage-first heap   total 131072K, used 48113K [0x0000000780000000, 0x0000000800000000)
  region size 1024K, 32 young (32768K), 1 survivors (1024K)
 Metaspace       used 24125K, capacity 24785K, committed 25216K, reserved 1071104K
  class space    used 3096K, capacity 3330K, committed 3456K, reserved 1048576K
}
Event: 15.157 GC heap after
{Heap after GC invocations=7 (full 0):
 garbage-first heap   total 131072K, used 17791K [0x0000000780000000, 0x0000000800000000)
  region size 1024K, 2 young (2048K), 2 survivors (2048K)
 Metaspace       used 24125K, capacity 24785K, committed 25216K, reserved 1071104K
  class space    used 3096K, capacity 3330K, committed 3456K, reserved 1048576K
}

Deoptimization events (20 events):
Event: 16.542 Thread 0x00007fa351a82000 DEOPT PACKING pc=0x0000000116d4c6cc sp=0x000070000cb60f00
Event: 16.542 Thread 0x00007fa351a82000 DEOPT UNPACKING pc=0x000000010f21391f sp=0x000070000cb60f10 mode 2
Event: 16.546 Thread 0x00007fa351a82000 DEOPT PACKING pc=0x000000010f9d96fb sp=0x000070000cb5da70
Event: 16.546 Thread 0x00007fa351a82000 DEOPT UNPACKING pc=0x000000010f21372b sp=0x000070000cb5cf60 mode 0
Event: 16.548 Thread 0x00007fa351a82000 DEOPT PACKING pc=0x000000010f9d9759 sp=0x000070000cb5f100
Event: 16.548 Thread 0x00007fa351a82000 DEOPT UNPACKING pc=0x000000010f21372b sp=0x000070000cb5e5f0 mode 0
Event: 16.552 Thread 0x00007fa351a82000 DEOPT PACKING pc=0x000000010f809aa0 sp=0x000070000cb5d850
Event: 16.553 Thread 0x00007fa351a82000 DEOPT UNPACKING pc=0x000000010f21372b sp=0x000070000cb5cd88 mode 0
Event: 16.664 Thread 0x00007fa351a82000 DEOPT PACKING pc=0x000000010f8151d8 sp=0x000070000cb5d360
Event: 16.665 Thread 0x00007fa351a82000 DEOPT UNPACKING pc=0x000000010f21372b sp=0x000070000cb5c970 mode 0
Event: 16.675 Thread 0x00007fa351a82000 Uncommon trap: trap_request=0xffffff4d fr.pc=0x0000000116d06a68 relative=0x0000000000001908
Event: 16.675 Thread 0x00007fa351a82000 Uncommon trap: reason=unstable_if action=reinterpret pc=0x0000000116d06a68 method=java.util.zip.ZipFile$Source.initCEN(ILjava/util/zip/ZipCoder;)V @ 582 c2
Event: 16.675 Thread 0x00007fa351a82000 DEOPT PACKING pc=0x0000000116d06a68 sp=0x000070000cb5d4a0
Event: 16.675 Thread 0x00007fa351a82000 DEOPT UNPACKING pc=0x000000010f21391f sp=0x000070000cb5d478 mode 2
Event: 16.928 Thread 0x00007fa351a82000 DEOPT PACKING pc=0x000000010f9dddff sp=0x000070000cb5e850
Event: 16.928 Thread 0x00007fa351a82000 DEOPT UNPACKING pc=0x000000010f21372b sp=0x000070000cb5dd10 mode 0
Event: 18.190 Thread 0x00007fa351a82000 Uncommon trap: trap_request=0xffffff4d fr.pc=0x0000000116d611d8 relative=0x0000000000000218
Event: 18.190 Thread 0x00007fa351a82000 Uncommon trap: reason=unstable_if action=reinterpret pc=0x0000000116d611d8 method=java.util.HashMap.hash(Ljava/lang/Object;)I @ 1 c2
Event: 18.190 Thread 0x00007fa351a82000 DEOPT PACKING pc=0x0000000116d611d8 sp=0x000070000cb5f510
Event: 18.190 Thread 0x00007fa351a82000 DEOPT UNPACKING pc=0x000000010f21391f sp=0x000070000cb5f468 mode 2

Classes redefined (0 events):
No events

Internal exceptions (20 events):
Event: 17.254 Thread 0x00007fa351a82000 Exception <a 'java/lang/NoSuchMethodError'{0x0000000786c9d1a0}: <clinit>> (0x0000000786c9d1a0) thrown at [./src/hotspot/share/prims/jni.cpp, line 1362]
Event: 17.257 Thread 0x00007fa351a82000 Exception <a 'java/lang/NoSuchMethodError'{0x0000000786cca628}: <clinit>> (0x0000000786cca628) thrown at [./src/hotspot/share/prims/jni.cpp, line 1362]
Event: 17.260 Thread 0x00007fa351a82000 Exception <a 'java/lang/NoSuchMethodError'{0x0000000786cd4ac8}: <clinit>> (0x0000000786cd4ac8) thrown at [./src/hotspot/share/prims/jni.cpp, line 1362]
Event: 17.261 Thread 0x00007fa351a82000 Exception <a 'java/lang/NoSuchMethodError'{0x0000000786cdf268}: <clinit>> (0x0000000786cdf268) thrown at [./src/hotspot/share/prims/jni.cpp, line 1362]
Event: 17.262 Thread 0x00007fa351a82000 Exception <a 'java/lang/NoSuchMethodError'{0x0000000786cec000}: <clinit>> (0x0000000786cec000) thrown at [./src/hotspot/share/prims/jni.cpp, line 1362]
Event: 17.263 Thread 0x00007fa351a82000 Exception <a 'java/lang/NoSuchMethodError'{0x0000000786cf27b8}: <clinit>> (0x0000000786cf27b8) thrown at [./src/hotspot/share/prims/jni.cpp, line 1362]
Event: 17.266 Thread 0x00007fa351a82000 Exception <a 'java/lang/NoSuchMethodError'{0x0000000786b0db18}: <clinit>> (0x0000000786b0db18) thrown at [./src/hotspot/share/prims/jni.cpp, line 1362]
Event: 17.267 Thread 0x00007fa351a82000 Exception <a 'java/lang/NoSuchMethodError'{0x0000000786b17920}: <clinit>> (0x0000000786b17920) thrown at [./src/hotspot/share/prims/jni.cpp, line 1362]
Event: 17.269 Thread 0x00007fa351a82000 Exception <a 'java/lang/NoSuchMethodError'{0x0000000786b21040}: <clinit>> (0x0000000786b21040) thrown at [./src/hotspot/share/prims/jni.cpp, line 1362]
Event: 17.269 Thread 0x00007fa351a82000 Exception <a 'java/lang/NoSuchMethodError'{0x0000000786b2a948}: <clinit>> (0x0000000786b2a948) thrown at [./src/hotspot/share/prims/jni.cpp, line 1362]
Event: 17.400 Thread 0x00007fa351a82000 Exception <a 'java/lang/NoSuchMethodError'{0x0000000786bdbf88}: <clinit>> (0x0000000786bdbf88) thrown at [./src/hotspot/share/prims/jni.cpp, line 1362]
Event: 17.400 Thread 0x00007fa351a82000 Exception <a 'java/lang/NoSuchMethodError'{0x0000000786bde9c0}: <clinit>> (0x0000000786bde9c0) thrown at [./src/hotspot/share/prims/jni.cpp, line 1362]
Event: 17.401 Thread 0x00007fa351a82000 Exception <a 'java/lang/NoSuchMethodError'{0x0000000786bdffc8}: <clinit>> (0x0000000786bdffc8) thrown at [./src/hotspot/share/prims/jni.cpp, line 1362]
Event: 17.401 Thread 0x00007fa351a82000 Exception <a 'java/lang/NoSuchMethodError'{0x0000000786be1560}: <clinit>> (0x0000000786be1560) thrown at [./src/hotspot/share/prims/jni.cpp, line 1362]
Event: 17.401 Thread 0x00007fa351a82000 Exception <a 'java/lang/NoSuchMethodError'{0x0000000786be2cc0}: <clinit>> (0x0000000786be2cc0) thrown at [./src/hotspot/share/prims/jni.cpp, line 1362]
Event: 17.401 Thread 0x00007fa351a82000 Exception <a 'java/lang/NoSuchMethodError'{0x0000000786be4358}: <clinit>> (0x0000000786be4358) thrown at [./src/hotspot/share/prims/jni.cpp, line 1362]
Event: 17.401 Thread 0x00007fa351a82000 Exception <a 'java/lang/NoSuchMethodError'{0x0000000786be5890}: <clinit>> (0x0000000786be5890) thrown at [./src/hotspot/share/prims/jni.cpp, line 1362]
Event: 17.548 Thread 0x00007fa351a82000 Exception <a 'java/lang/NoSuchMethodError'{0x0000000786a8b280}: 'void java.lang.invoke.DirectMethodHandle$Holder.invokeSpecial(java.lang.Object, java.lang.Object, java.lang.Object, java.lang.Object)'> (0x0000000786a8b280) thrown at [./src/hotspot/share/interpreter/linkResolver.cpp, line 773]
Event: 18.190 Thread 0x00007fa351a82000 Implicit null exception at 0x0000000116d60ff5 to 0x0000000116d611c8
Event: 18.618 Thread 0x00007fa351a82000 Exception <a 'java/lang/NoSuchMethodError'{0x000000078605eb00}: 'java.lang.Object java.lang.invoke.DirectMethodHandle$Holder.invokeSpecialIFC(java.lang.Object, java.lang.Object, java.lang.Object, java.lang.Object)'> (0x000000078605eb00) thrown at [./src/hotspot/share/interpreter/linkResolver.cpp, line 773]

Events (20 events):
Event: 18.619 loading class org/gradle/internal/resource/cached/CachedItem
Event: 18.619 loading class org/gradle/internal/resource/cached/CachedItem done
Event: 18.619 loading class org/gradle/internal/resource/cached/DefaultCachedExternalResourceIndex$CachedExternalResourceSerializer
Event: 18.619 loading class org/gradle/internal/resource/cached/DefaultCachedExternalResourceIndex$CachedExternalResourceSerializer done
Event: 18.620 loading class org/gradle/internal/resource/metadata/ExternalResourceMetaData
Event: 18.620 loading class org/gradle/internal/resource/metadata/ExternalResourceMetaData done
Event: 18.620 loading class org/gradle/internal/resource/cached/CachedExternalResource
Event: 18.620 loading class org/gradle/internal/resource/cached/CachedExternalResource done
Event: 18.621 loading class org/gradle/internal/file/FileAccessTimeJournal
Event: 18.621 loading class org/gradle/internal/file/FileAccessTimeJournal done
Event: 18.621 loading class org/gradle/api/internal/artifacts/ivyservice/ArtifactCacheMetadata
Event: 18.621 loading class org/gradle/api/internal/artifacts/ivyservice/ArtifactCacheMetadata done
Event: 18.621 loading class org/gradle/api/internal/artifacts/DependencyManagementBuildScopeServices
Event: 18.621 loading class org/gradle/api/internal/artifacts/DependencyManagementBuildScopeServices done
Event: 18.622 loading class org/gradle/api/internal/filestore/DefaultArtifactIdentifierFileStore
Event: 18.622 loading class org/gradle/api/internal/filestore/DefaultArtifactIdentifierFileStore done
Event: 18.622 loading class org/gradle/api/internal/filestore/DefaultArtifactIdentifierFileStore$1
Event: 18.622 loading class org/gradle/api/internal/filestore/DefaultArtifactIdentifierFileStore$1 done
Event: 18.654 loading class org/gradle/internal/component/external/model/ModuleComponentArtifactIdentifier
Event: 18.654 loading class org/gradle/internal/component/external/model/ModuleComponentArtifactIdentifier done


Dynamic libraries:
0x00007fff42cf8000 	/System/Library/Frameworks/Cocoa.framework/Versions/A/Cocoa
0x00007fff4eacd000 	/System/Library/Frameworks/Security.framework/Versions/A/Security
0x00007fff4198b000 	/System/Library/Frameworks/ApplicationServices.framework/Versions/A/ApplicationServices
0x00007fff6ec32000 	/usr/lib/libz.1.dylib
0x0000000102701000 	/Applications/Android Studio.app/Contents/jre/jdk/Contents/Home/lib/jli/libjli.dylib
0x00007fff6c515000 	/usr/lib/libSystem.B.dylib
0x00007fff40b84000 	/System/Library/Frameworks/AppKit.framework/Versions/C/AppKit
0x00007fff430f6000 	/System/Library/Frameworks/CoreData.framework/Versions/A/CoreData
0x00007fff4581c000 	/System/Library/Frameworks/Foundation.framework/Versions/C/Foundation
0x00007fff65fdb000 	/System/Library/PrivateFrameworks/RemoteViewServices.framework/Versions/A/RemoteViewServices
0x00007fff6a252000 	/System/Library/PrivateFrameworks/UIFoundation.framework/Versions/A/UIFoundation
0x00007fff6b936000 	/System/Library/PrivateFrameworks/XCTTargetBootstrap.framework/Versions/A/XCTTargetBootstrap
0x000000010271d000 	/System/Library/Frameworks/CoreDisplay.framework/Versions/A/CoreDisplay
0x00007fff60d15000 	/System/Library/PrivateFrameworks/IconServices.framework/Versions/A/IconServices
0x00007fff48142000 	/System/Library/Frameworks/Metal.framework/Versions/A/Metal
0x00007fff58258000 	/System/Library/PrivateFrameworks/DesktopServicesPriv.framework/Versions/A/DesktopServicesPriv
0x00007fff6d12f000 	/usr/lib/libenergytrace.dylib
0x0000000102838000 	/System/Library/PrivateFrameworks/SkyLight.framework/Versions/A/SkyLight
0x00007fff439c3000 	/System/Library/Frameworks/CoreGraphics.framework/Versions/A/CoreGraphics
0x00007fff3f76e000 	/System/Library/Frameworks/Accelerate.framework/Versions/A/Accelerate
0x00007fff45f65000 	/System/Library/Frameworks/IOSurface.framework/Versions/A/IOSurface
0x00007fff580c4000 	/System/Library/PrivateFrameworks/DFRFoundation.framework/Versions/A/DFRFoundation
0x00007fff41e6e000 	/System/Library/Frameworks/AudioToolbox.framework/Versions/A/AudioToolbox
0x00007fff420e7000 	/System/Library/Frameworks/AudioUnit.framework/Versions/A/AudioUnit
0x00007fff58159000 	/System/Library/PrivateFrameworks/DataDetectorsCore.framework/Versions/A/DataDetectorsCore
0x00007fff427fb000 	/System/Library/Frameworks/Carbon.framework/Versions/A/Frameworks/HIToolbox.framework/Versions/A/HIToolbox
0x00007fff6d288000 	/usr/lib/libicucore.A.dylib
0x00007fff4e041000 	/System/Library/Frameworks/QuartzCore.framework/Versions/A/QuartzCore
0x00007fff42bd0000 	/System/Library/Frameworks/Carbon.framework/Versions/A/Frameworks/SpeechRecognition.framework/Versions/A/SpeechRecognition
0x00007fff6c6e9000 	/usr/lib/libauto.dylib
0x00007fff6eb26000 	/usr/lib/libxml2.2.dylib
0x00007fff57c9f000 	/System/Library/PrivateFrameworks/CoreUI.framework/Versions/A/CoreUI
0x00007fff42fe1000 	/System/Library/Frameworks/CoreAudio.framework/Versions/A/CoreAudio
0x00007fff45651000 	/System/Library/Frameworks/DiskArbitration.framework/Versions/A/DiskArbitration
0x00007fff6d536000 	/usr/lib/liblangid.dylib
0x00007fff62120000 	/System/Library/PrivateFrameworks/MultitouchSupport.framework/Versions/A/MultitouchSupport
0x00007fff45ed4000 	/System/Library/Frameworks/IOKit.framework/Versions/A/IOKit
0x00007fff6c0d5000 	/usr/lib/libDiagnosticMessagesClient.dylib
0x00007fff447ef000 	/System/Library/Frameworks/CoreServices.framework/Versions/A/CoreServices
0x00007fff63dda000 	/System/Library/PrivateFrameworks/PerformanceAnalysis.framework/Versions/A/PerformanceAnalysis
0x0000000102bd4000 	/System/Library/Frameworks/OpenGL.framework/Versions/A/OpenGL
0x00007fff6ddcc000 	/usr/lib/libobjc.A.dylib
0x00007fff42d06000 	/System/Library/Frameworks/ColorSync.framework/Versions/A/ColorSync
0x00007fff4357b000 	/System/Library/Frameworks/CoreFoundation.framework/Versions/A/CoreFoundation
0x00007fff44071000 	/System/Library/Frameworks/CoreImage.framework/Versions/A/CoreImage
0x00007fff451c7000 	/System/Library/Frameworks/CoreText.framework/Versions/A/CoreText
0x00007fff45fc8000 	/System/Library/Frameworks/ImageIO.framework/Versions/A/ImageIO
0x00007fff542f1000 	/System/Library/PrivateFrameworks/Backup.framework/Versions/A/Backup
0x00007fff6c5bc000 	/usr/lib/libarchive.2.dylib
0x00007fff42440000 	/System/Library/Frameworks/CFNetwork.framework/Versions/A/CFNetwork
0x00007fff4f229000 	/System/Library/Frameworks/SystemConfiguration.framework/Versions/A/SystemConfiguration
0x00007fff6c006000 	/usr/lib/libCRFSuite.dylib
0x00007fff6c7d8000 	/usr/lib/libc++.1.dylib
0x00007fff6c82c000 	/usr/lib/libc++abi.dylib
0x00007fff6f428000 	/usr/lib/system/libcache.dylib
0x00007fff6f42d000 	/usr/lib/system/libcommonCrypto.dylib
0x00007fff6f438000 	/usr/lib/system/libcompiler_rt.dylib
0x00007fff6f440000 	/usr/lib/system/libcopyfile.dylib
0x00007fff6f44a000 	/usr/lib/system/libcorecrypto.dylib
0x00007fff6f555000 	/usr/lib/system/libdispatch.dylib
0x00007fff6f58f000 	/usr/lib/system/libdyld.dylib
0x00007fff6f5bc000 	/usr/lib/system/libkeymgr.dylib
0x00007fff6f5ca000 	/usr/lib/system/liblaunch.dylib
0x00007fff6f5cb000 	/usr/lib/system/libmacho.dylib
0x00007fff6f5d1000 	/usr/lib/system/libquarantine.dylib
0x00007fff6f5d4000 	/usr/lib/system/libremovefile.dylib
0x00007fff6f5d6000 	/usr/lib/system/libsystem_asl.dylib
0x00007fff6f5ee000 	/usr/lib/system/libsystem_blocks.dylib
0x00007fff6f5ef000 	/usr/lib/system/libsystem_c.dylib
0x00007fff6f677000 	/usr/lib/system/libsystem_configuration.dylib
0x00007fff6f67b000 	/usr/lib/system/libsystem_coreservices.dylib
0x00007fff6f67f000 	/usr/lib/system/libsystem_darwin.dylib
0x00007fff6f686000 	/usr/lib/system/libsystem_dnssd.dylib
0x00007fff6f68d000 	/usr/lib/system/libsystem_info.dylib
0x00007fff6f702000 	/usr/lib/system/libsystem_m.dylib
0x00007fff6f74e000 	/usr/lib/system/libsystem_malloc.dylib
0x00007fff6f779000 	/usr/lib/system/libsystem_networkextension.dylib
0x00007fff6f784000 	/usr/lib/system/libsystem_notify.dylib
0x00007fff6f7a1000 	/usr/lib/system/libsystem_sandbox.dylib
0x00007fff6f7a5000 	/usr/lib/system/libsystem_secinit.dylib
0x00007fff6f6d9000 	/usr/lib/system/libsystem_kernel.dylib
0x00007fff6f78c000 	/usr/lib/system/libsystem_platform.dylib
0x00007fff6f796000 	/usr/lib/system/libsystem_pthread.dylib
0x00007fff6f7a8000 	/usr/lib/system/libsystem_symptoms.dylib
0x00007fff6f7b0000 	/usr/lib/system/libsystem_trace.dylib
0x00007fff6f7c7000 	/usr/lib/system/libunwind.dylib
0x00007fff6f7cd000 	/usr/lib/system/libxpc.dylib
0x00007fff6c7b9000 	/usr/lib/libbsm.0.dylib
0x00007fff6f5bd000 	/usr/lib/system/libkxld.dylib
0x00007fff536e2000 	/System/Library/PrivateFrameworks/AppleFSCompression.framework/Versions/A/AppleFSCompression
0x00007fff6c3d5000 	/usr/lib/libOpenScriptingUtil.dylib
0x00007fff6cae1000 	/usr/lib/libcoretls.dylib
0x00007fff6caf8000 	/usr/lib/libcoretls_cfhelpers.dylib
0x00007fff6e566000 	/usr/lib/libpam.2.dylib
0x00007fff6e726000 	/usr/lib/libsqlite3.dylib
0x00007fff6eb14000 	/usr/lib/libxar.1.dylib
0x00007fff6c7ca000 	/usr/lib/libbz2.1.0.dylib
0x00007fff6d538000 	/usr/lib/liblzma.5.dylib
0x00007fff6d9e9000 	/usr/lib/libnetwork.dylib
0x00007fff6c5a5000 	/usr/lib/libapple_nghttp2.dylib
0x00007fff6e56d000 	/usr/lib/libpcap.A.dylib
0x00007fff44b8e000 	/System/Library/Frameworks/CoreServices.framework/Versions/A/Frameworks/FSEvents.framework/Versions/A/FSEvents
0x00007fff4486d000 	/System/Library/Frameworks/CoreServices.framework/Versions/A/Frameworks/CarbonCore.framework/Versions/A/CarbonCore
0x00007fff44d49000 	/System/Library/Frameworks/CoreServices.framework/Versions/A/Frameworks/Metadata.framework/Versions/A/Metadata
0x00007fff44de8000 	/System/Library/Frameworks/CoreServices.framework/Versions/A/Frameworks/OSServices.framework/Versions/A/OSServices
0x00007fff44e33000 	/System/Library/Frameworks/CoreServices.framework/Versions/A/Frameworks/SearchKit.framework/Versions/A/SearchKit
0x00007fff447f0000 	/System/Library/Frameworks/CoreServices.framework/Versions/A/Frameworks/AE.framework/Versions/A/AE
0x00007fff44b97000 	/System/Library/Frameworks/CoreServices.framework/Versions/A/Frameworks/LaunchServices.framework/Versions/A/LaunchServices
0x00007fff44b45000 	/System/Library/Frameworks/CoreServices.framework/Versions/A/Frameworks/DictionaryServices.framework/Versions/A/DictionaryServices
0x00007fff44e9b000 	/System/Library/Frameworks/CoreServices.framework/Versions/A/Frameworks/SharedFileList.framework/Versions/A/SharedFileList
0x00007fff4920a000 	/System/Library/Frameworks/NetFS.framework/Versions/A/NetFS
0x00007fff62386000 	/System/Library/PrivateFrameworks/NetAuth.framework/Versions/A/NetAuth
0x00007fff6bd3a000 	/System/Library/PrivateFrameworks/login.framework/Versions/A/Frameworks/loginsupport.framework/Versions/A/loginsupport
0x00007fff69e5b000 	/System/Library/PrivateFrameworks/TCC.framework/Versions/A/TCC
0x00007fff572fc000 	/System/Library/PrivateFrameworks/CoreNLP.framework/Versions/A/CoreNLP
0x00007fff61e1b000 	/System/Library/PrivateFrameworks/MetadataUtilities.framework/Versions/A/MetadataUtilities
0x00007fff6d60d000 	/usr/lib/libmecabra.dylib
0x00007fff4198c000 	/System/Library/Frameworks/ApplicationServices.framework/Versions/A/Frameworks/ATS.framework/Versions/A/ATS
0x00007fff41cdb000 	/System/Library/Frameworks/ApplicationServices.framework/Versions/A/Frameworks/ColorSyncLegacy.framework/Versions/A/ColorSyncLegacy
0x00007fff41d7a000 	/System/Library/Frameworks/ApplicationServices.framework/Versions/A/Frameworks/HIServices.framework/Versions/A/HIServices
0x00007fff41dcd000 	/System/Library/Frameworks/ApplicationServices.framework/Versions/A/Frameworks/LangAnalysis.framework/Versions/A/LangAnalysis
0x00007fff41ddd000 	/System/Library/Frameworks/ApplicationServices.framework/Versions/A/Frameworks/PrintCore.framework/Versions/A/PrintCore
0x00007fff41e27000 	/System/Library/Frameworks/ApplicationServices.framework/Versions/A/Frameworks/QD.framework/Versions/A/QD
0x00007fff41e61000 	/System/Library/Frameworks/ApplicationServices.framework/Versions/A/Frameworks/SpeechSynthesis.framework/Versions/A/SpeechSynthesis
0x00007fff6c854000 	/usr/lib/libcompression.dylib
0x00007fff48412000 	/System/Library/Frameworks/MetalPerformanceShaders.framework/Versions/A/MetalPerformanceShaders
0x00007fff3f786000 	/System/Library/Frameworks/Accelerate.framework/Versions/A/Frameworks/vImage.framework/Versions/A/vImage
0x00007fff409e2000 	/System/Library/Frameworks/Accelerate.framework/Versions/A/Frameworks/vecLib.framework/Versions/A/vecLib
0x00007fff4086d000 	/System/Library/Frameworks/Accelerate.framework/Versions/A/Frameworks/vecLib.framework/Versions/A/libvMisc.dylib
0x00007fff406cc000 	/System/Library/Frameworks/Accelerate.framework/Versions/A/Frameworks/vecLib.framework/Versions/A/libvDSP.dylib
0x00007fff4007b000 	/System/Library/Frameworks/Accelerate.framework/Versions/A/Frameworks/vecLib.framework/Versions/A/libBLAS.dylib
0x00007fff40267000 	/System/Library/Frameworks/Accelerate.framework/Versions/A/Frameworks/vecLib.framework/Versions/A/libLAPACK.dylib
0x00007fff40620000 	/System/Library/Frameworks/Accelerate.framework/Versions/A/Frameworks/vecLib.framework/Versions/A/libLinearAlgebra.dylib
0x00007fff406b9000 	/System/Library/Frameworks/Accelerate.framework/Versions/A/Frameworks/vecLib.framework/Versions/A/libSparseBLAS.dylib
0x00007fff40636000 	/System/Library/Frameworks/Accelerate.framework/Versions/A/Frameworks/vecLib.framework/Versions/A/libQuadrature.dylib
0x00007fff40222000 	/System/Library/Frameworks/Accelerate.framework/Versions/A/Frameworks/vecLib.framework/Versions/A/libBNNS.dylib
0x00007fff4063c000 	/System/Library/Frameworks/Accelerate.framework/Versions/A/Frameworks/vecLib.framework/Versions/A/libSparse.dylib
0x00007fff5e64a000 	/System/Library/PrivateFrameworks/GPUWrangler.framework/Versions/A/GPUWrangler
0x00007fff6094a000 	/System/Library/PrivateFrameworks/IOAccelerator.framework/Versions/A/IOAccelerator
0x00007fff60955000 	/System/Library/PrivateFrameworks/IOPresentment.framework/Versions/A/IOPresentment
0x00007fff580d4000 	/System/Library/PrivateFrameworks/DSExternalDisplay.framework/Versions/A/DSExternalDisplay
0x0000000102bf4000 	/System/Library/Frameworks/OpenGL.framework/Versions/A/Libraries/libCoreFSCache.dylib
0x00007fff48206000 	/System/Library/Frameworks/MetalPerformanceShaders.framework/Frameworks/MPSCore.framework/Versions/A/MPSCore
0x00007fff48226000 	/System/Library/Frameworks/MetalPerformanceShaders.framework/Frameworks/MPSImage.framework/Versions/A/MPSImage
0x00007fff482cb000 	/System/Library/Frameworks/MetalPerformanceShaders.framework/Frameworks/MPSNeuralNetwork.framework/Versions/A/MPSNeuralNetwork
0x00007fff482a3000 	/System/Library/Frameworks/MetalPerformanceShaders.framework/Frameworks/MPSMatrix.framework/Versions/A/MPSMatrix
0x00007fff483f7000 	/System/Library/Frameworks/MetalPerformanceShaders.framework/Frameworks/MPSRayIntersector.framework/Versions/A/MPSRayIntersector
0x00007fff61e44000 	/System/Library/PrivateFrameworks/MetalTools.framework/Versions/A/MetalTools
0x00007fff52f8c000 	/System/Library/PrivateFrameworks/AggregateDictionary.framework/Versions/A/AggregateDictionary
0x00007fff6c3b5000 	/usr/lib/libMobileGestalt.dylib
0x00007fff4532a000 	/System/Library/Frameworks/CoreVideo.framework/Versions/A/CoreVideo
0x00007fff5f45b000 	/System/Library/PrivateFrameworks/GraphVisualizer.framework/Versions/A/GraphVisualizer
0x00007fff592da000 	/System/Library/PrivateFrameworks/FaceCore.framework/Versions/A/FaceCore
0x00007fff4bcb4000 	/System/Library/Frameworks/OpenCL.framework/Versions/A/OpenCL
0x00007fff6c10d000 	/usr/lib/libFosl_dynamic.dylib
0x00007fff62bf1000 	/System/Library/PrivateFrameworks/OTSVG.framework/Versions/A/OTSVG
0x00007fff41a90000 	/System/Library/Frameworks/ApplicationServices.framework/Versions/A/Frameworks/ATS.framework/Versions/A/Resources/libFontParser.dylib
0x00007fff41ba8000 	/System/Library/Frameworks/ApplicationServices.framework/Versions/A/Frameworks/ATS.framework/Versions/A/Resources/libFontRegistry.dylib
0x00007fff4623a000 	/System/Library/Frameworks/ImageIO.framework/Versions/A/Resources/libJPEG.dylib
0x00007fff4654d000 	/System/Library/Frameworks/ImageIO.framework/Versions/A/Resources/libTIFF.dylib
0x00007fff46523000 	/System/Library/Frameworks/ImageIO.framework/Versions/A/Resources/libPng.dylib
0x00007fff46157000 	/System/Library/Frameworks/ImageIO.framework/Versions/A/Resources/libGIF.dylib
0x00007fff4615c000 	/System/Library/Frameworks/ImageIO.framework/Versions/A/Resources/libJP2.dylib
0x00007fff4654a000 	/System/Library/Frameworks/ImageIO.framework/Versions/A/Resources/libRadiance.dylib
0x00007fff53839000 	/System/Library/PrivateFrameworks/AppleJPEG.framework/Versions/A/AppleJPEG
0x0000000102c07000 	/System/Library/Frameworks/OpenGL.framework/Versions/A/Libraries/libGFXShared.dylib
0x0000000102c1d000 	/System/Library/Frameworks/OpenGL.framework/Versions/A/Libraries/libGLU.dylib
0x0000000102c70000 	/System/Library/Frameworks/OpenGL.framework/Versions/A/Libraries/libGL.dylib
0x0000000102c90000 	/System/Library/Frameworks/OpenGL.framework/Versions/A/Libraries/libGLImage.dylib
0x0000000102cd9000 	/System/Library/Frameworks/OpenGL.framework/Versions/A/Libraries/libCVMSPluginSupport.dylib
0x0000000102ce7000 	/System/Library/Frameworks/OpenGL.framework/Versions/A/Libraries/libCoreVMClient.dylib
0x00007fff6cfa5000 	/usr/lib/libcups.2.dylib
0x00007fff4770d000 	/System/Library/Frameworks/Kerberos.framework/Versions/A/Kerberos
0x00007fff45c38000 	/System/Library/Frameworks/GSS.framework/Versions/A/GSS
0x00007fff6e6bb000 	/usr/lib/libresolv.9.dylib
0x00007fff6d197000 	/usr/lib/libiconv.2.dylib
0x00007fff5f5d0000 	/System/Library/PrivateFrameworks/Heimdal.framework/Versions/A/Heimdal
0x00007fff6d167000 	/usr/lib/libheimdal-asn1.dylib
0x00007fff4bd28000 	/System/Library/Frameworks/OpenDirectory.framework/Versions/A/OpenDirectory
0x00007fff5605f000 	/System/Library/PrivateFrameworks/CommonAuth.framework/Versions/A/CommonAuth
0x00007fff4bd0c000 	/System/Library/Frameworks/OpenDirectory.framework/Versions/A/Frameworks/CFOpenDirectory.framework/Versions/A/CFOpenDirectory
0x00007fff4edce000 	/System/Library/Frameworks/SecurityFoundation.framework/Versions/A/SecurityFoundation
0x00007fff524d2000 	/System/Library/PrivateFrameworks/APFS.framework/Versions/A/APFS
0x00007fff6eb10000 	/usr/lib/libutil.dylib
0x00007fff6c842000 	/usr/lib/libcharset.1.dylib
0x00007fff53ad6000 	/System/Library/PrivateFrameworks/AppleSauce.framework/Versions/A/AppleSauce
0x00007fff53c57000 	/System/Library/PrivateFrameworks/AssertionServices.framework/Versions/A/AssertionServices
0x00007fff54387000 	/System/Library/PrivateFrameworks/BaseBoard.framework/Versions/A/BaseBoard
0x00007fff6d568000 	/usr/lib/libmecab.1.0.0.dylib
0x00007fff6d161000 	/usr/lib/libgermantok.dylib
0x00007fff6c592000 	/usr/lib/libThaiTokenizer.dylib
0x00007fff6c03d000 	/usr/lib/libChineseTokenizer.dylib
0x00007fff61002000 	/System/Library/PrivateFrameworks/LanguageModeling.framework/Versions/A/LanguageModeling
0x00007fff56d41000 	/System/Library/PrivateFrameworks/CoreEmoji.framework/Versions/A/CoreEmoji
0x00007fff610de000 	/System/Library/PrivateFrameworks/Lexicon.framework/Versions/A/Lexicon
0x00007fff61121000 	/System/Library/PrivateFrameworks/LinguisticData.framework/Versions/A/LinguisticData
0x00007fff6c843000 	/usr/lib/libcmph.dylib
0x00007fff4ee8c000 	/System/Library/Frameworks/ServiceManagement.framework/Versions/A/ServiceManagement
0x00007fff542e8000 	/System/Library/PrivateFrameworks/BackgroundTaskManagement.framework/Versions/A/BackgroundTaskManagement
0x00007fff6ec09000 	/usr/lib/libxslt.1.dylib
0x00007fff42afd000 	/System/Library/Frameworks/Carbon.framework/Versions/A/Frameworks/Ink.framework/Versions/A/Ink
0x00007fff6a0cd000 	/System/Library/PrivateFrameworks/TextureIO.framework/Versions/A/TextureIO
0x00007fff6c5e6000 	/usr/lib/libate.dylib
0x00007fff58023000 	/System/Library/PrivateFrameworks/CrashReporterSupport.framework/Versions/A/CrashReporterSupport
0x00007fff67807000 	/System/Library/PrivateFrameworks/Sharing.framework/Versions/A/Sharing
0x00007fff5403a000 	/System/Library/PrivateFrameworks/AuthKit.framework/Versions/A/AuthKit
0x00007fff5358e000 	/System/Library/PrivateFrameworks/Apple80211.framework/Versions/A/Apple80211
0x00007fff57dcb000 	/System/Library/PrivateFrameworks/CoreUtils.framework/Versions/A/CoreUtils
0x00007fff4536b000 	/System/Library/Frameworks/CoreWLAN.framework/Versions/A/CoreWLAN
0x00007fff45d67000 	/System/Library/Frameworks/IOBluetooth.framework/Versions/A/IOBluetooth
0x00007fff65c7b000 	/System/Library/PrivateFrameworks/ProtocolBuffer.framework/Versions/A/ProtocolBuffer
0x00007fff6207c000 	/System/Library/PrivateFrameworks/MobileKeyBag.framework/Versions/A/MobileKeyBag
0x00007fff5760f000 	/System/Library/PrivateFrameworks/CorePhoneNumbers.framework/Versions/A/CorePhoneNumbers
0x00007fff537ed000 	/System/Library/PrivateFrameworks/AppleIDAuthSupport.framework/Versions/A/AppleIDAuthSupport
0x00007fff60fd5000 	/System/Library/PrivateFrameworks/KeychainCircle.framework/Versions/A/KeychainCircle
0x00007fff65e31000 	/System/Library/PrivateFrameworks/ROCKit.framework/Versions/A/ROCKit
0x00007fff57fbf000 	/System/Library/PrivateFrameworks/CoreWiFi.framework/Versions/A/CoreWiFi
0x00007fff430cb000 	/System/Library/Frameworks/CoreBluetooth.framework/Versions/A/CoreBluetooth
0x00007fff5821a000 	/System/Library/PrivateFrameworks/DebugSymbols.framework/Versions/A/DebugSymbols
0x00007fff57b8b000 	/System/Library/PrivateFrameworks/CoreSymbolication.framework/Versions/A/CoreSymbolication
0x00007fff698e8000 	/System/Library/PrivateFrameworks/Symbolication.framework/Versions/A/Symbolication
0x00007fff6918b000 	/System/Library/PrivateFrameworks/SpeechRecognitionCore.framework/Versions/A/SpeechRecognitionCore
0x0000000102cfe000 	/Applications/Android Studio.app/Contents/jre/jdk/Contents/Home/lib/server/libjvm.dylib
0x0000000103a40000 	/Applications/Android Studio.app/Contents/jre/jdk/Contents/Home/lib/libverify.dylib
0x0000000103a51000 	/Applications/Android Studio.app/Contents/jre/jdk/Contents/Home/lib/libjava.dylib
0x0000000103a93000 	/Applications/Android Studio.app/Contents/jre/jdk/Contents/Home/lib/libjimage.dylib
0x0000000103ae7000 	/Applications/Android Studio.app/Contents/jre/jdk/Contents/Home/lib/libzip.dylib
0x000000010eff6000 	/Applications/Android Studio.app/Contents/jre/jdk/Contents/Home/lib/libnio.dylib
0x000000010f009000 	/Applications/Android Studio.app/Contents/jre/jdk/Contents/Home/lib/./libnet.dylib
0x0000000103a88000 	/Users/mac/.gradle/native/fdc75f09e3144964f2cf3f50f0aa648679c211496f362492102eb8c894070792/osx-amd64/libnative-platform.dylib
0x000000011e849000 	/Users/mac/.gradle/native/12488b8bf47d2d4c9fbf2f6322a914ad602e24e48041cd04a747c6da556b65c4/osx-amd64/libnative-platform-file-events.dylib
0x000000010ef90000 	/Applications/Android Studio.app/Contents/jre/jdk/Contents/Home/lib/libmanagement.dylib
0x000000010efb4000 	/Applications/Android Studio.app/Contents/jre/jdk/Contents/Home/lib/libmanagement_ext.dylib
0x000000010ef9a000 	/Applications/Android Studio.app/Contents/jre/jdk/Contents/Home/lib/libextnet.dylib


VM Arguments:
jvm_args: --add-opens=java.base/java.util=ALL-UNNAMED --add-opens=java.base/java.lang=ALL-UNNAMED --add-opens=java.base/java.lang.invoke=ALL-UNNAMED --add-opens=java.prefs/java.util.prefs=ALL-UNNAMED -Xmx2048m -Dfile.encoding=UTF-8 -Duser.country=ID -Duser.language=en -Duser.variant 
java_command: org.gradle.launcher.daemon.bootstrap.GradleDaemon 6.7.1
java_class_path (initial): /Users/mac/.gradle/wrapper/dists/gradle-6.7.1-bin/bwlcbys1h7rz3272sye1xwiv6/gradle-6.7.1/lib/gradle-launcher-6.7.1.jar
Launcher Type: SUN_STANDARD

[Global flags]
     intx CICompilerCount                          = 2                                         {product} {ergonomic}
     uint ConcGCThreads                            = 1                                         {product} {ergonomic}
     uint G1ConcRefinementThreads                  = 2                                         {product} {ergonomic}
   size_t G1HeapRegionSize                         = 1048576                                   {product} {ergonomic}
    uintx GCDrainStackTargetSize                   = 64                                        {product} {ergonomic}
   size_t InitialHeapSize                          = 134217728                                 {product} {ergonomic}
   size_t MarkStackSize                            = 4194304                                   {product} {ergonomic}
   size_t MaxHeapSize                              = 2147483648                                {product} {command line}
   size_t MaxNewSize                               = 1287651328                                {product} {ergonomic}
   size_t MinHeapDeltaBytes                        = 1048576                                   {product} {ergonomic}
    uintx NonNMethodCodeHeapSize                   = 5825164                                {pd product} {ergonomic}
    uintx NonProfiledCodeHeapSize                  = 122916538                              {pd product} {ergonomic}
    uintx ProfiledCodeHeapSize                     = 122916538                              {pd product} {ergonomic}
    uintx ReservedCodeCacheSize                    = 251658240                              {pd product} {ergonomic}
     bool SegmentedCodeCache                       = true                                      {product} {ergonomic}
     bool UseCompressedClassPointers               = true                                 {lp64_product} {ergonomic}
     bool UseCompressedOops                        = true                                 {lp64_product} {ergonomic}
     bool UseG1GC                                  = true                                      {product} {ergonomic}

Logging:
Log output configuration:
 #0: stdout all=warning uptime,level,tags
 #1: stderr all=off uptime,level,tags

Environment Variables:
PATH=/usr/local/bin:/usr/bin:/bin:/usr/sbin:/sbin:/Users/mac/flutter/bin
SHELL=/bin/bash
LC_CTYPE=en_US.UTF-8

Signal Handlers:
SIGSEGV: [libjvm.dylib+0x7426da], sa_mask[0]=11111111011111110111111111111111, sa_flags=SA_ONSTACK|SA_RESTART|SA_SIGINFO
SIGBUS: [libjvm.dylib+0x7426da], sa_mask[0]=11111111011111110111111111111111, sa_flags=SA_RESTART|SA_SIGINFO
SIGFPE: [libjvm.dylib+0x7426da], sa_mask[0]=11111111011111110111111111111111, sa_flags=SA_RESTART|SA_SIGINFO
SIGPIPE: [libjvm.dylib+0x5f4223], sa_mask[0]=11111111011111110111111111111111, sa_flags=SA_RESTART|SA_SIGINFO
SIGXFSZ: [libjvm.dylib+0x5f4223], sa_mask[0]=11111111011111110111111111111111, sa_flags=SA_RESTART|SA_SIGINFO
SIGILL: [libjvm.dylib+0x7426da], sa_mask[0]=11111111011111110111111111111111, sa_flags=SA_RESTART|SA_SIGINFO
SIGUSR2: [libjvm.dylib+0x5f480b], sa_mask[0]=00100000000000000000000000000000, sa_flags=SA_RESTART|SA_SIGINFO
SIGHUP: [libjvm.dylib+0x5f3351], sa_mask[0]=11111111011111110111111111111111, sa_flags=SA_RESTART|SA_SIGINFO
SIGINT: [libjvm.dylib+0x5f3351], sa_mask[0]=11111111011111110111111111111111, sa_flags=SA_RESTART|SA_SIGINFO
SIGTERM: [libjvm.dylib+0x5f3351], sa_mask[0]=11111111011111110111111111111111, sa_flags=SA_RESTART|SA_SIGINFO
SIGQUIT: [libjvm.dylib+0x5f3351], sa_mask[0]=11111111011111110111111111111111, sa_flags=SA_RESTART|SA_SIGINFO


---------------  S Y S T E M  ---------------

OS:uname:Darwin 18.7.0 Darwin Kernel Version 18.7.0: Tue Aug 20 16:57:14 PDT 2019; root:xnu-4903.271.2~2/RELEASE_X86_64 x86_64
OS uptime: 0 days 0:22 hours
rlimit (soft/hard): STACK 8192k/65532k , CORE 0k/infinity , NPROC 709/1064 , NOFILE 10240/infinity , AS infinity/infinity , CPU infinity/infinity , DATA infinity/infinity , FSIZE infinity/infinity , MEMLOCK infinity/infinity , RSS infinity/infinity
load average:16.07 13.93 11.52

CPU:total 2 (initial active 2) (2 cores per cpu, 1 threads per core) family 6 model 23 stepping 10, cmov, cx8, fxsr, mmx, sse, sse2, sse3, ssse3, sse4.1, tsc

Memory: 4k page, physical 8388608k(1414120k free), swap 0k(0k free)

vm_info: OpenJDK 64-Bit Server VM (11.0.8+10-b944.6916264) for bsd-amd64 JRE (11.0.8+10-b944.6916264), built on Dec 31 2020 16:59:49 by "builder" with gcc 4.2.1 Compatible Apple LLVM 10.0.1 (clang-1001.0.46.4)

END.
